{
  "stats": {
    "suites": 1,
    "tests": 10,
    "passes": 10,
    "pending": 0,
    "failures": 0,
    "start": "2021-12-20T18:03:43.421Z",
    "end": "2021-12-20T18:03:44.655Z",
    "duration": 1234,
    "testsRegistered": 10,
    "passPercent": 100,
    "pendingPercent": 0,
    "other": 0,
    "hasOther": false,
    "skipped": 0,
    "hasSkipped": false
  },
  "results": [
    {
      "uuid": "83ca7689-9d9b-46e1-916d-69ae6c1a7f1f",
      "title": "",
      "fullFile": "cypress/integration/booking.spec.js",
      "file": "cypress/integration/booking.spec.js",
      "beforeHooks": [],
      "afterHooks": [],
      "tests": [],
      "suites": [
        {
          "uuid": "7c5e6a28-bfea-4621-a1cb-ad5157b7458f",
          "title": "Booking",
          "fullFile": "",
          "file": "",
          "beforeHooks": [],
          "afterHooks": [],
          "tests": [
            {
              "title": "Validar o contrato do GET booking",
              "fullTitle": "Booking Validar o contrato do GET booking",
              "timedOut": null,
              "duration": 309,
              "state": "passed",
              "speed": "slow",
              "pass": true,
              "fail": false,
              "pending": false,
              "context": null,
              "code": "_requests.default.getBooking().then(getBookingResponse => {\n  _assertions.default.validarContratoOf(getBookingResponse, _schemas.default.getBookingSchema());\n});",
              "err": {},
              "uuid": "5ab76bc3-10be-49e3-a53e-daf02573d7f6",
              "parentUUID": "7c5e6a28-bfea-4621-a1cb-ad5157b7458f",
              "isHook": false,
              "skipped": false
            },
            {
              "title": "Criar reserva com sucesso (200)",
              "fullTitle": "Booking Criar reserva com sucesso (200)",
              "timedOut": null,
              "duration": 78,
              "state": "passed",
              "speed": "slow",
              "pass": true,
              "fail": false,
              "pending": false,
              "context": null,
              "code": "_requests.default.postBooking().then(postBookingResponse => {\n  _assertions.default.showdHaveStatus(postBookingResponse, 200);\n  _assertions.default.validarBookingIdNull(postBookingResponse);\n  _assertions.default.validarHeader(postBookingResponse);\n  _assertions.default.validarAplicacao(postBookingResponse);\n  _assertions.default.validarDuracao(postBookingResponse);\n});",
              "err": {},
              "uuid": "60ae0179-714a-44e4-89b5-ecba2ab8cffa",
              "parentUUID": "7c5e6a28-bfea-4621-a1cb-ad5157b7458f",
              "isHook": false,
              "skipped": false
            },
            {
              "title": "Tentar alterar uma reserva sem token (403)",
              "fullTitle": "Booking Tentar alterar uma reserva sem token (403)",
              "timedOut": null,
              "duration": 96,
              "state": "passed",
              "speed": "slow",
              "pass": true,
              "fail": false,
              "pending": false,
              "context": null,
              "code": "_requests.default.postBooking().then(postBookingResponse => {\n  _requests.default.updadeBookingToken(postBookingResponse).then(putBookingResponse => {\n    _assertions.default.showdHaveStatus(putBookingResponse, 403);\n  });\n});",
              "err": {},
              "uuid": "9b1c366e-68e3-45a7-91cd-c2e862fe5bb1",
              "parentUUID": "7c5e6a28-bfea-4621-a1cb-ad5157b7458f",
              "isHook": false,
              "skipped": false
            },
            {
              "title": "Alterar uma reverserva com sucesso (200)",
              "fullTitle": "Booking Alterar uma reverserva com sucesso (200)",
              "timedOut": null,
              "duration": 98,
              "state": "passed",
              "speed": "slow",
              "pass": true,
              "fail": false,
              "pending": false,
              "context": null,
              "code": "_requests.default.postBooking().then(postBookingResponse => {\n  _requests.default.updadeBooking(postBookingResponse).then(putBookingResponse => {\n    _assertions.default.showdHaveStatus(putBookingResponse, 200);\n  });\n});",
              "err": {},
              "uuid": "d4a00a9c-4363-415f-9876-8fc48d086086",
              "parentUUID": "7c5e6a28-bfea-4621-a1cb-ad5157b7458f",
              "isHook": false,
              "skipped": false
            },
            {
              "title": "tentar alterar uma reverserva inexistente (405)",
              "fullTitle": "Booking tentar alterar uma reverserva inexistente (405)",
              "timedOut": null,
              "duration": 96,
              "state": "passed",
              "speed": "slow",
              "pass": true,
              "fail": false,
              "pending": false,
              "context": null,
              "code": "_requests.default.postBooking().then(postBookingResponse => {\n  _requests.default.updadeBookingInexistente(postBookingResponse).then(putBookingResponse => {\n    _assertions.default.showdHaveStatus(putBookingResponse, 405);\n  });\n});",
              "err": {},
              "uuid": "76ccb814-b4bb-4ee5-a71e-9e59859aefa5",
              "parentUUID": "7c5e6a28-bfea-4621-a1cb-ad5157b7458f",
              "isHook": false,
              "skipped": false
            },
            {
              "title": "tentar alterar uma reserva com token inválido (403)",
              "fullTitle": "Booking tentar alterar uma reserva com token inválido (403)",
              "timedOut": null,
              "duration": 102,
              "state": "passed",
              "speed": "slow",
              "pass": true,
              "fail": false,
              "pending": false,
              "context": null,
              "code": "_requests.default.postBooking().then(postBookingResponse => {\n  _requests.default.updadeTokenInvalido(postBookingResponse).then(putBookingResponse => {\n    _assertions.default.showdHaveStatus(putBookingResponse, 403);\n  });\n});",
              "err": {},
              "uuid": "db25466c-99ef-4d66-beeb-ec795a9aba6a",
              "parentUUID": "7c5e6a28-bfea-4621-a1cb-ad5157b7458f",
              "isHook": false,
              "skipped": false
            },
            {
              "title": "Excluir uma reserva com sucesso (201)",
              "fullTitle": "Booking Excluir uma reserva com sucesso (201)",
              "timedOut": null,
              "duration": 95,
              "state": "passed",
              "speed": "slow",
              "pass": true,
              "fail": false,
              "pending": false,
              "context": null,
              "code": "_requests.default.postBooking().then(postBookingResponse => {\n  _requests.default.deleteBooking(postBookingResponse).then(deleteBookingResponse => {\n    _assertions.default.showdHaveStatus(deleteBookingResponse, 201);\n  });\n});",
              "err": {},
              "uuid": "21b963f1-aaa8-4e2a-b15c-a57a5fc01b8b",
              "parentUUID": "7c5e6a28-bfea-4621-a1cb-ad5157b7458f",
              "isHook": false,
              "skipped": false
            },
            {
              "title": "tentar excluir uma reserva sem token (403)",
              "fullTitle": "Booking tentar excluir uma reserva sem token (403)",
              "timedOut": null,
              "duration": 102,
              "state": "passed",
              "speed": "slow",
              "pass": true,
              "fail": false,
              "pending": false,
              "context": null,
              "code": "_requests.default.postBooking().then(postBookingResponse => {\n  _requests.default.deleteReservaSemToken(postBookingResponse).then(putBookingResponse => {\n    _assertions.default.showdHaveStatus(putBookingResponse, 403);\n  });\n});",
              "err": {},
              "uuid": "0d3c08fa-160e-4a88-8e80-6c7919a3e447",
              "parentUUID": "7c5e6a28-bfea-4621-a1cb-ad5157b7458f",
              "isHook": false,
              "skipped": false
            },
            {
              "title": "tentar excluir uma reserva sem token invalido (403)",
              "fullTitle": "Booking tentar excluir uma reserva sem token invalido (403)",
              "timedOut": null,
              "duration": 98,
              "state": "passed",
              "speed": "slow",
              "pass": true,
              "fail": false,
              "pending": false,
              "context": null,
              "code": "_requests.default.postBooking().then(postBookingResponse => {\n  _requests.default.deleteReservaTokenInvalido(postBookingResponse).then(putBookingResponse => {\n    _assertions.default.showdHaveStatus(putBookingResponse, 403);\n  });\n});",
              "err": {},
              "uuid": "28edc7e7-5308-4a73-a62e-86ffa14efc92",
              "parentUUID": "7c5e6a28-bfea-4621-a1cb-ad5157b7458f",
              "isHook": false,
              "skipped": false
            },
            {
              "title": "Excluir uma reserva inexistente()405",
              "fullTitle": "Booking Excluir uma reserva inexistente()405",
              "timedOut": null,
              "duration": 95,
              "state": "passed",
              "speed": "slow",
              "pass": true,
              "fail": false,
              "pending": false,
              "context": null,
              "code": "_requests.default.postBooking().then(postBookingResponse => {\n  _requests.default.deleteBookingInexistente(postBookingResponse).then(putBookingResponse => {\n    _assertions.default.showdHaveStatus(putBookingResponse, 405);\n  });\n});",
              "err": {},
              "uuid": "bcfbe242-f93a-4fab-8b9e-3b96a1c19aad",
              "parentUUID": "7c5e6a28-bfea-4621-a1cb-ad5157b7458f",
              "isHook": false,
              "skipped": false
            }
          ],
          "suites": [],
          "passes": [
            "5ab76bc3-10be-49e3-a53e-daf02573d7f6",
            "60ae0179-714a-44e4-89b5-ecba2ab8cffa",
            "9b1c366e-68e3-45a7-91cd-c2e862fe5bb1",
            "d4a00a9c-4363-415f-9876-8fc48d086086",
            "76ccb814-b4bb-4ee5-a71e-9e59859aefa5",
            "db25466c-99ef-4d66-beeb-ec795a9aba6a",
            "21b963f1-aaa8-4e2a-b15c-a57a5fc01b8b",
            "0d3c08fa-160e-4a88-8e80-6c7919a3e447",
            "28edc7e7-5308-4a73-a62e-86ffa14efc92",
            "bcfbe242-f93a-4fab-8b9e-3b96a1c19aad"
          ],
          "failures": [],
          "pending": [],
          "skipped": [],
          "duration": 1169,
          "root": false,
          "rootEmpty": false,
          "_timeout": 2000
        }
      ],
      "passes": [],
      "failures": [],
      "pending": [],
      "skipped": [],
      "duration": 0,
      "root": true,
      "rootEmpty": true,
      "_timeout": 2000
    }
  ],
  "meta": {
    "mocha": {
      "version": "7.0.1"
    },
    "mochawesome": {
      "options": {
        "quiet": true,
        "reportFilename": "mochawesome",
        "saveHtml": false,
        "saveJson": true,
        "consoleReporter": "spec",
        "useInlineDiffs": false,
        "code": true
      },
      "version": "7.0.1"
    },
    "marge": {
      "options": {
        "id": "default",
        "reportDir": "mochawesome-report",
        "quiet": true,
        "overwrite": false,
        "html": false,
        "json": true
      },
      "version": "6.0.1"
    }
  }
}